<?xml version="1.0" encoding="UTF-8"?>
<!-- Generated by org.testng.reporters.JUnitXMLReporter -->
<testsuite ignored="0" hostname="LAPTOP-I7ABQCRR" failures="0" tests="3" name="Test" time="33.494" errors="0" timestamp="2021-06-18T14:22:56 IST">
  <testcase classname="hrm.OrnageProject.TestScripts.TC001" name="verifyHRMLogin" time="3.834"/>
  <testcase classname="hrm.OrnageProject.TestScripts.TC002" name="verifyHRMLogin" time="5.085"/>
  <testcase classname="hrm.OrnageProject.TestScripts.TC002" name="verifyHRMAddEmplyee" time="4.379"/>
</testsuite> <!-- Test -->
