<?xml version="1.0" encoding="UTF-8"?>
<testng-results ignored="0" total="3" passed="3" failed="0" skipped="0">
  <reporter-output>
    <line>
      <![CDATA[Verified HRMLogin]]>
    </line>
    <line>
      <![CDATA[Verified HRMLogin]]>
    </line>
    <line>
      <![CDATA[Add HRM Empolyee Functionality Verified]]>
    </line>
  </reporter-output>
  <suite started-at="2021-06-18T14:22:23 IST" name="Suite" finished-at="2021-06-18T14:22:56 IST" duration-ms="33494">
    <groups>
    </groups>
    <test started-at="2021-06-18T14:22:23 IST" name="Test" finished-at="2021-06-18T14:22:56 IST" duration-ms="33494">
      <class name="hrm.OrnageProject.TestScripts.TC002">
        <test-method is-config="true" signature="browserSetup()[pri:0, instance:hrm.OrnageProject.TestScripts.TC002@60dcc9fe]" started-at="2021-06-18T14:22:39 IST" name="browserSetup" finished-at="2021-06-18T14:22:47 IST" duration-ms="8060" status="PASS">
          <reporter-output>
          </reporter-output>
        </test-method> <!-- browserSetup -->
        <test-method signature="verifyHRMLogin()[pri:1, instance:hrm.OrnageProject.TestScripts.TC002@60dcc9fe]" started-at="2021-06-18T14:22:47 IST" name="verifyHRMLogin" finished-at="2021-06-18T14:22:52 IST" duration-ms="5085" status="PASS">
          <reporter-output>
            <line>
              <![CDATA[Verified HRMLogin]]>
            </line>
          </reporter-output>
        </test-method> <!-- verifyHRMLogin -->
        <test-method signature="verifyHRMAddEmplyee()[pri:2, instance:hrm.OrnageProject.TestScripts.TC002@60dcc9fe]" started-at="2021-06-18T14:22:52 IST" name="verifyHRMAddEmplyee" finished-at="2021-06-18T14:22:56 IST" depends-on-methods="hrm.OrnageProject.TestScripts.TC002.verifyHRMLogin" duration-ms="4379" status="PASS">
          <reporter-output>
            <line>
              <![CDATA[Add HRM Empolyee Functionality Verified]]>
            </line>
          </reporter-output>
        </test-method> <!-- verifyHRMAddEmplyee -->
        <test-method is-config="true" signature="tearDown()[pri:0, instance:hrm.OrnageProject.TestScripts.TC002@60dcc9fe]" started-at="2021-06-18T14:22:56 IST" name="tearDown" finished-at="2021-06-18T14:22:56 IST" duration-ms="172" status="PASS">
          <reporter-output>
          </reporter-output>
        </test-method> <!-- tearDown -->
      </class> <!-- hrm.OrnageProject.TestScripts.TC002 -->
      <class name="hrm.OrnageProject.TestScripts.TC001">
        <test-method is-config="true" signature="browserSetup()[pri:0, instance:hrm.OrnageProject.TestScripts.TC001@5bfa9431]" started-at="2021-06-18T14:22:23 IST" name="browserSetup" finished-at="2021-06-18T14:22:34 IST" duration-ms="11455" status="PASS">
          <reporter-output>
          </reporter-output>
        </test-method> <!-- browserSetup -->
        <test-method signature="verifyHRMLogin()[pri:0, instance:hrm.OrnageProject.TestScripts.TC001@5bfa9431]" started-at="2021-06-18T14:22:34 IST" name="verifyHRMLogin" finished-at="2021-06-18T14:22:38 IST" duration-ms="3834" status="PASS">
          <reporter-output>
            <line>
              <![CDATA[Verified HRMLogin]]>
            </line>
          </reporter-output>
        </test-method> <!-- verifyHRMLogin -->
        <test-method is-config="true" signature="tearDown()[pri:0, instance:hrm.OrnageProject.TestScripts.TC001@5bfa9431]" started-at="2021-06-18T14:22:38 IST" name="tearDown" finished-at="2021-06-18T14:22:39 IST" duration-ms="439" status="PASS">
          <reporter-output>
          </reporter-output>
        </test-method> <!-- tearDown -->
      </class> <!-- hrm.OrnageProject.TestScripts.TC001 -->
    </test> <!-- Test -->
  </suite> <!-- Suite -->
</testng-results>
