<?xml version="1.0" encoding="UTF-8"?>
<testsuite xmlns:xsi="http://www.w3.org/2001/XMLSchema-instance" xsi:noNamespaceSchemaLocation="https://maven.apache.org/surefire/maven-surefire-plugin/xsd/surefire-test-report.xsd" name="TestSuite" time="34.394" tests="3" errors="0" skipped="0" failures="0">
  <properties>
[...]
</properties>
  <testcase name="verifyHRMLogin" classname="hrm.OrnageProject.TestScripts.TC001" time="3.842"/>
  <testcase name="verifyHRMLogin" classname="hrm.OrnageProject.TestScripts.TC002" time="5.087"/>
  <testcase name="verifyHRMAddEmplyee" classname="hrm.OrnageProject.TestScripts.TC002" time="4.377"/>
</testsuite>