<?xml version="1.0" encoding="UTF-8"?>
<testng-results ignored="0" total="1" passed="1" failed="0" skipped="0">
  <reporter-output>
  </reporter-output>
  <suite started-at="2021-06-19T20:47:31 IST" name="Default suite" finished-at="2021-06-19T20:47:54 IST" duration-ms="22880">
    <groups>
    </groups>
    <test started-at="2021-06-19T20:47:31 IST" name="Default test" finished-at="2021-06-19T20:47:54 IST" duration-ms="22880">
      <class name="com.JavaProject.Sample_Test">
        <test-method is-config="true" signature="browser_Setup()[pri:0, instance:com.JavaProject.Sample_Test@1ea9f6af]" started-at="2021-06-19T20:47:31 IST" name="browser_Setup" finished-at="2021-06-19T20:47:53 IST" duration-ms="21912" status="PASS">
          <reporter-output>
          </reporter-output>
        </test-method> <!-- browser_Setup -->
        <test-method signature="world_Population_Updates()[pri:0, instance:com.JavaProject.Sample_Test@1ea9f6af]" started-at="2021-06-19T20:47:53 IST" name="world_Population_Updates" finished-at="2021-06-19T20:47:54 IST" duration-ms="616" status="PASS">
          <reporter-output>
          </reporter-output>
        </test-method> <!-- world_Population_Updates -->
        <test-method is-config="true" signature="tearDown()[pri:0, instance:com.JavaProject.Sample_Test@1ea9f6af]" started-at="2021-06-19T20:47:54 IST" name="tearDown" finished-at="2021-06-19T20:47:54 IST" duration-ms="271" status="PASS">
          <reporter-output>
          </reporter-output>
        </test-method> <!-- tearDown -->
      </class> <!-- com.JavaProject.Sample_Test -->
    </test> <!-- Default test -->
  </suite> <!-- Default suite -->
</testng-results>
