<?xml version="1.0" encoding="UTF-8"?>
<testng-results ignored="0" total="1" passed="1" failed="0" skipped="0">
  <reporter-output>
    <line>
      <![CDATA[Verified HRMLogin]]>
    </line>
  </reporter-output>
  <suite started-at="2021-06-19T11:44:56 IST" name="Default suite" finished-at="2021-06-19T11:45:11 IST" duration-ms="14532">
    <groups>
    </groups>
    <test started-at="2021-06-19T11:44:56 IST" name="Default test" finished-at="2021-06-19T11:45:11 IST" duration-ms="14532">
      <class name="hrm.OrnageProject.TestScripts.TC001">
        <test-method is-config="true" signature="browserSetup()[pri:0, instance:hrm.OrnageProject.TestScripts.TC001@4f209819]" started-at="2021-06-19T11:44:56 IST" name="browserSetup" finished-at="2021-06-19T11:45:05 IST" duration-ms="8442" status="PASS">
          <reporter-output>
          </reporter-output>
        </test-method> <!-- browserSetup -->
        <test-method signature="verifyHRMLogin()[pri:0, instance:hrm.OrnageProject.TestScripts.TC001@4f209819]" started-at="2021-06-19T11:45:05 IST" name="verifyHRMLogin" finished-at="2021-06-19T11:45:10 IST" duration-ms="5946" status="PASS">
          <reporter-output>
            <line>
              <![CDATA[Verified HRMLogin]]>
            </line>
          </reporter-output>
        </test-method> <!-- verifyHRMLogin -->
        <test-method is-config="true" signature="tearDown()[pri:0, instance:hrm.OrnageProject.TestScripts.TC001@4f209819]" started-at="2021-06-19T11:45:10 IST" name="tearDown" finished-at="2021-06-19T11:45:11 IST" duration-ms="96" status="PASS">
          <reporter-output>
          </reporter-output>
        </test-method> <!-- tearDown -->
      </class> <!-- hrm.OrnageProject.TestScripts.TC001 -->
    </test> <!-- Default test -->
  </suite> <!-- Default suite -->
</testng-results>
